mode: set
github.com/Cwby333/user-microservice/cmd/main.go:22.13,31.12 6 0
github.com/Cwby333/user-microservice/cmd/main.go:31.12,36.3 3 0
github.com/Cwby333/user-microservice/cmd/main.go:38.2,51.16 4 0
github.com/Cwby333/user-microservice/cmd/main.go:51.16,54.3 2 0
github.com/Cwby333/user-microservice/cmd/main.go:56.2,59.16 3 0
github.com/Cwby333/user-microservice/cmd/main.go:59.16,62.3 2 0
github.com/Cwby333/user-microservice/cmd/main.go:64.2,73.16 3 0
github.com/Cwby333/user-microservice/cmd/main.go:73.16,76.3 2 0
github.com/Cwby333/user-microservice/cmd/main.go:78.2,99.20 8 0
github.com/Cwby333/user-microservice/cmd/main.go:99.20,102.3 2 0
github.com/Cwby333/user-microservice/cmd/main.go:104.2,104.20 1 0
github.com/Cwby333/user-microservice/cmd/main.go:104.20,112.3 5 0
github.com/Cwby333/user-microservice/cmd/main.go:114.2,114.33 1 0
github.com/Cwby333/user-microservice/cmd/main.go:114.33,116.3 1 0
github.com/Cwby333/user-microservice/cmd/main.go:119.32,127.2 3 0
github.com/Cwby333/user-microservice/internal/service/userService/mock_userService/mocks.go:28.61,32.2 3 0
github.com/Cwby333/user-microservice/internal/service/userService/mock_userService/mocks.go:35.59,37.2 1 0
github.com/Cwby333/user-microservice/internal/service/userService/mock_userService/mocks.go:40.95,46.2 5 0
github.com/Cwby333/user-microservice/internal/service/userService/mock_userService/mocks.go:49.84,52.2 2 0
github.com/Cwby333/user-microservice/internal/service/userService/mock_userService/mocks.go:55.77,60.2 4 0
github.com/Cwby333/user-microservice/internal/service/userService/mock_userService/mocks.go:63.86,66.2 2 0
github.com/Cwby333/user-microservice/internal/service/userService/mock_userService/mocks.go:69.80,75.2 5 0
github.com/Cwby333/user-microservice/internal/service/userService/mock_userService/mocks.go:78.79,81.2 2 0
github.com/Cwby333/user-microservice/internal/service/userService/mock_userService/mocks.go:84.89,90.2 5 0
github.com/Cwby333/user-microservice/internal/service/userService/mock_userService/mocks.go:93.83,96.2 2 0
github.com/Cwby333/user-microservice/internal/service/userService/mock_userService/mocks.go:99.101,105.2 5 0
github.com/Cwby333/user-microservice/internal/service/userService/mock_userService/mocks.go:108.95,111.2 2 0
github.com/Cwby333/user-microservice/internal/service/userService/mock_userService/mocks.go:114.117,120.2 5 0
github.com/Cwby333/user-microservice/internal/service/userService/mock_userService/mocks.go:123.99,126.2 2 0
github.com/Cwby333/user-microservice/internal/service/userService/mock_userService/mocks.go:140.77,144.2 3 0
github.com/Cwby333/user-microservice/internal/service/userService/mock_userService/mocks.go:147.75,149.2 1 0
github.com/Cwby333/user-microservice/internal/service/userService/mock_userService/mocks.go:152.92,157.2 4 0
github.com/Cwby333/user-microservice/internal/service/userService/mock_userService/mocks.go:160.88,163.2 2 0
github.com/Cwby333/user-microservice/internal/service/userService/mock_userService/mocks.go:177.81,181.2 3 0
github.com/Cwby333/user-microservice/internal/service/userService/mock_userService/mocks.go:184.79,186.2 1 0
github.com/Cwby333/user-microservice/internal/service/userService/mock_userService/mocks.go:189.99,194.2 4 0
github.com/Cwby333/user-microservice/internal/service/userService/mock_userService/mocks.go:197.108,200.2 2 0
github.com/Cwby333/user-microservice/internal/service/userService/mock_userService/mocks.go:203.111,208.2 4 0
github.com/Cwby333/user-microservice/internal/service/userService/mock_userService/mocks.go:211.110,214.2 2 0
github.com/Cwby333/user-microservice/internal/service/userService/mock_userService/mocks.go:228.63,232.2 3 0
github.com/Cwby333/user-microservice/internal/service/userService/mock_userService/mocks.go:235.61,237.2 1 0
github.com/Cwby333/user-microservice/internal/service/userService/mock_userService/mocks.go:240.74,245.2 4 0
github.com/Cwby333/user-microservice/internal/service/userService/mock_userService/mocks.go:248.83,251.2 2 0
github.com/Cwby333/user-microservice/internal/service/userService/mock_userService/mocks.go:254.86,260.2 5 0
github.com/Cwby333/user-microservice/internal/service/userService/mock_userService/mocks.go:263.80,266.2 2 0
github.com/Cwby333/user-microservice/internal/service/userService/mock_userService/mocks.go:269.90,274.2 4 0
github.com/Cwby333/user-microservice/internal/service/userService/mock_userService/mocks.go:277.87,280.2 2 0
github.com/Cwby333/user-microservice/internal/adapters/transport/http/server/server.go:19.48,30.2 3 0
github.com/Cwby333/user-microservice/internal/config/config.go:56.24,58.16 2 0
github.com/Cwby333/user-microservice/internal/config/config.go:58.16,59.13 1 0
github.com/Cwby333/user-microservice/internal/config/config.go:62.2,64.16 3 0
github.com/Cwby333/user-microservice/internal/config/config.go:64.16,65.13 1 0
github.com/Cwby333/user-microservice/internal/config/config.go:68.2,68.12 1 0
github.com/Cwby333/user-microservice/internal/migrations/migrations.go:11.36,13.16 2 0
github.com/Cwby333/user-microservice/internal/migrations/migrations.go:13.16,15.3 1 0
github.com/Cwby333/user-microservice/internal/migrations/migrations.go:17.2,17.31 1 0
github.com/Cwby333/user-microservice/internal/migrations/migrations.go:17.31,18.42 1 0
github.com/Cwby333/user-microservice/internal/migrations/migrations.go:18.42,20.4 1 0
github.com/Cwby333/user-microservice/internal/migrations/migrations.go:22.3,22.13 1 0
github.com/Cwby333/user-microservice/internal/migrations/migrations.go:25.2,25.12 1 0
github.com/Cwby333/user-microservice/internal/adapters/tokenStorage/redis/init.go:23.58,34.22 4 0
github.com/Cwby333/user-microservice/internal/adapters/tokenStorage/redis/init.go:34.22,36.3 1 0
github.com/Cwby333/user-microservice/internal/adapters/tokenStorage/redis/init.go:38.2,40.8 1 0
github.com/Cwby333/user-microservice/internal/adapters/tokenStorage/redis/tokens.go:17.94,21.22 3 0
github.com/Cwby333/user-microservice/internal/adapters/tokenStorage/redis/tokens.go:21.22,23.3 1 0
github.com/Cwby333/user-microservice/internal/adapters/tokenStorage/redis/tokens.go:25.2,26.23 2 0
github.com/Cwby333/user-microservice/internal/adapters/tokenStorage/redis/tokens.go:26.23,28.3 1 0
github.com/Cwby333/user-microservice/internal/adapters/tokenStorage/redis/tokens.go:30.2,30.12 1 0
github.com/Cwby333/user-microservice/internal/adapters/tokenStorage/redis/tokens.go:33.81,37.22 3 0
github.com/Cwby333/user-microservice/internal/adapters/tokenStorage/redis/tokens.go:37.22,38.38 1 0
github.com/Cwby333/user-microservice/internal/adapters/tokenStorage/redis/tokens.go:38.38,40.4 1 0
github.com/Cwby333/user-microservice/internal/adapters/tokenStorage/redis/tokens.go:42.3,42.45 1 0
github.com/Cwby333/user-microservice/internal/adapters/tokenStorage/redis/tokens.go:45.2,45.38 1 0
github.com/Cwby333/user-microservice/internal/adapters/tokenStorage/redis/users.go:28.80,39.16 4 0
github.com/Cwby333/user-microservice/internal/adapters/tokenStorage/redis/users.go:39.16,43.3 2 0
github.com/Cwby333/user-microservice/internal/adapters/tokenStorage/redis/users.go:45.2,46.22 2 0
github.com/Cwby333/user-microservice/internal/adapters/tokenStorage/redis/users.go:46.22,48.3 1 0
github.com/Cwby333/user-microservice/internal/adapters/tokenStorage/redis/users.go:50.2,50.12 1 0
github.com/Cwby333/user-microservice/internal/adapters/tokenStorage/redis/users.go:53.77,57.22 3 0
github.com/Cwby333/user-microservice/internal/adapters/tokenStorage/redis/users.go:57.22,58.38 1 0
github.com/Cwby333/user-microservice/internal/adapters/tokenStorage/redis/users.go:58.38,60.4 1 0
github.com/Cwby333/user-microservice/internal/adapters/tokenStorage/redis/users.go:62.3,62.60 1 0
github.com/Cwby333/user-microservice/internal/adapters/tokenStorage/redis/users.go:65.2,66.16 2 0
github.com/Cwby333/user-microservice/internal/adapters/tokenStorage/redis/users.go:66.16,68.3 1 0
github.com/Cwby333/user-microservice/internal/adapters/tokenStorage/redis/users.go:70.2,72.16 3 0
github.com/Cwby333/user-microservice/internal/adapters/tokenStorage/redis/users.go:72.16,74.3 1 0
github.com/Cwby333/user-microservice/internal/adapters/tokenStorage/redis/users.go:76.2,84.18 2 0
github.com/Cwby333/user-microservice/internal/adapters/tokenStorage/redis/users.go:87.65,91.22 3 0
github.com/Cwby333/user-microservice/internal/adapters/tokenStorage/redis/users.go:91.22,93.3 1 0
github.com/Cwby333/user-microservice/internal/adapters/tokenStorage/redis/users.go:95.2,95.12 1 0
github.com/Cwby333/user-microservice/internal/adapters/transport/http/userRouter/userRouterMocks/mocks.go:28.67,32.2 3 0
github.com/Cwby333/user-microservice/internal/adapters/transport/http/userRouter/userRouterMocks/mocks.go:35.65,37.2 1 0
github.com/Cwby333/user-microservice/internal/adapters/transport/http/userRouter/userRouterMocks/mocks.go:40.76,45.2 4 0
github.com/Cwby333/user-microservice/internal/adapters/transport/http/userRouter/userRouterMocks/mocks.go:48.85,51.2 2 0
github.com/Cwby333/user-microservice/internal/adapters/transport/http/userRouter/userRouterMocks/mocks.go:54.93,60.2 5 0
github.com/Cwby333/user-microservice/internal/adapters/transport/http/userRouter/userRouterMocks/mocks.go:63.87,66.2 2 0
github.com/Cwby333/user-microservice/internal/adapters/transport/http/userRouter/userRouterMocks/mocks.go:69.83,75.2 5 0
github.com/Cwby333/user-microservice/internal/adapters/transport/http/userRouter/userRouterMocks/mocks.go:78.82,81.2 2 0
github.com/Cwby333/user-microservice/internal/adapters/transport/http/userRouter/userRouterMocks/mocks.go:84.117,91.2 6 0
github.com/Cwby333/user-microservice/internal/adapters/transport/http/userRouter/userRouterMocks/mocks.go:94.82,97.2 2 0
github.com/Cwby333/user-microservice/internal/adapters/transport/http/userRouter/userRouterMocks/mocks.go:100.104,105.2 4 0
github.com/Cwby333/user-microservice/internal/adapters/transport/http/userRouter/userRouterMocks/mocks.go:108.103,111.2 2 0
github.com/Cwby333/user-microservice/internal/adapters/transport/http/userRouter/userRouterMocks/mocks.go:114.191,121.2 6 0
github.com/Cwby333/user-microservice/internal/adapters/transport/http/userRouter/userRouterMocks/mocks.go:124.135,127.2 2 0
github.com/Cwby333/user-microservice/internal/adapters/transport/http/userRouter/userRouterMocks/mocks.go:130.96,136.2 5 0
github.com/Cwby333/user-microservice/internal/adapters/transport/http/userRouter/userRouterMocks/mocks.go:139.85,142.2 2 0
github.com/Cwby333/user-microservice/internal/adapters/transport/http/userRouter/userRouterMocks/mocks.go:145.116,151.2 5 0
github.com/Cwby333/user-microservice/internal/adapters/transport/http/userRouter/userRouterMocks/mocks.go:154.98,157.2 2 0
github.com/Cwby333/user-microservice/internal/adapters/transport/http/userRouter/userRouterMocks/mocks.go:171.83,175.2 3 0
github.com/Cwby333/user-microservice/internal/adapters/transport/http/userRouter/userRouterMocks/mocks.go:178.81,180.2 1 0
github.com/Cwby333/user-microservice/internal/adapters/transport/http/userRouter/userRouterMocks/mocks.go:183.103,188.2 4 0
github.com/Cwby333/user-microservice/internal/adapters/transport/http/userRouter/userRouterMocks/mocks.go:191.99,194.2 2 0
github.com/Cwby333/user-microservice/internal/adapters/transport/http/lib/validate.go:9.59,12.29 2 0
github.com/Cwby333/user-microservice/internal/adapters/transport/http/lib/validate.go:12.29,13.26 1 0
github.com/Cwby333/user-microservice/internal/adapters/transport/http/lib/validate.go:14.19,17.26 2 0
github.com/Cwby333/user-microservice/internal/adapters/transport/http/lib/validate.go:21.2,21.12 1 0
github.com/Cwby333/user-microservice/internal/adapters/transport/http/lib/validateJwt.go:11.55,15.96 3 1
github.com/Cwby333/user-microservice/internal/adapters/transport/http/lib/validateJwt.go:15.96,17.3 1 1
github.com/Cwby333/user-microservice/internal/adapters/transport/http/lib/validateJwt.go:21.2,21.16 1 1
github.com/Cwby333/user-microservice/internal/adapters/transport/http/lib/validateJwt.go:21.16,23.3 1 1
github.com/Cwby333/user-microservice/internal/adapters/transport/http/lib/validateJwt.go:25.2,25.14 1 1
github.com/Cwby333/user-microservice/internal/adapters/transport/http/lib/validateJwt.go:25.14,27.3 1 0
github.com/Cwby333/user-microservice/internal/adapters/transport/http/lib/validateJwt.go:29.2,30.9 2 1
github.com/Cwby333/user-microservice/internal/adapters/transport/http/lib/validateJwt.go:30.9,32.3 1 0
github.com/Cwby333/user-microservice/internal/adapters/transport/http/lib/validateJwt.go:34.2,34.20 1 1
github.com/Cwby333/user-microservice/internal/adapters/transport/http/middleware/jwt.go:15.48,16.71 1 1
github.com/Cwby333/user-microservice/internal/adapters/transport/http/middleware/jwt.go:16.71,21.32 4 1
github.com/Cwby333/user-microservice/internal/adapters/transport/http/middleware/jwt.go:21.32,23.4 1 0
github.com/Cwby333/user-microservice/internal/adapters/transport/http/middleware/jwt.go:25.3,25.18 1 1
github.com/Cwby333/user-microservice/internal/adapters/transport/http/middleware/jwt.go:25.18,33.18 4 1
github.com/Cwby333/user-microservice/internal/adapters/transport/http/middleware/jwt.go:33.18,36.5 2 0
github.com/Cwby333/user-microservice/internal/adapters/transport/http/middleware/jwt.go:38.4,39.10 2 1
github.com/Cwby333/user-microservice/internal/adapters/transport/http/middleware/jwt.go:42.3,44.97 2 1
github.com/Cwby333/user-microservice/internal/adapters/transport/http/middleware/jwt.go:44.97,46.4 1 1
github.com/Cwby333/user-microservice/internal/adapters/transport/http/middleware/jwt.go:51.3,51.17 1 1
github.com/Cwby333/user-microservice/internal/adapters/transport/http/middleware/jwt.go:51.17,59.18 4 1
github.com/Cwby333/user-microservice/internal/adapters/transport/http/middleware/jwt.go:59.18,62.5 2 0
github.com/Cwby333/user-microservice/internal/adapters/transport/http/middleware/jwt.go:64.4,65.10 2 1
github.com/Cwby333/user-microservice/internal/adapters/transport/http/middleware/jwt.go:68.3,68.15 1 1
github.com/Cwby333/user-microservice/internal/adapters/transport/http/middleware/jwt.go:68.15,74.18 3 0
github.com/Cwby333/user-microservice/internal/adapters/transport/http/middleware/jwt.go:74.18,77.5 2 0
github.com/Cwby333/user-microservice/internal/adapters/transport/http/middleware/jwt.go:79.4,80.10 2 0
github.com/Cwby333/user-microservice/internal/adapters/transport/http/middleware/jwt.go:83.3,84.10 2 1
github.com/Cwby333/user-microservice/internal/adapters/transport/http/middleware/jwt.go:84.10,90.18 3 0
github.com/Cwby333/user-microservice/internal/adapters/transport/http/middleware/jwt.go:90.18,95.5 3 0
github.com/Cwby333/user-microservice/internal/adapters/transport/http/middleware/jwt.go:97.4,98.10 2 0
github.com/Cwby333/user-microservice/internal/adapters/transport/http/middleware/jwt.go:101.3,102.10 2 1
github.com/Cwby333/user-microservice/internal/adapters/transport/http/middleware/jwt.go:102.10,108.18 3 1
github.com/Cwby333/user-microservice/internal/adapters/transport/http/middleware/jwt.go:108.18,113.5 3 0
github.com/Cwby333/user-microservice/internal/adapters/transport/http/middleware/jwt.go:115.4,116.10 2 1
github.com/Cwby333/user-microservice/internal/adapters/transport/http/middleware/jwt.go:119.3,119.28 1 1
github.com/Cwby333/user-microservice/internal/adapters/transport/http/middleware/jwt.go:119.28,125.18 3 1
github.com/Cwby333/user-microservice/internal/adapters/transport/http/middleware/jwt.go:125.18,130.5 3 0
github.com/Cwby333/user-microservice/internal/adapters/transport/http/middleware/jwt.go:132.4,133.10 2 1
github.com/Cwby333/user-microservice/internal/adapters/transport/http/middleware/jwt.go:136.3,142.23 5 1
github.com/Cwby333/user-microservice/internal/adapters/transport/http/middleware/jwt.go:146.49,147.71 1 1
github.com/Cwby333/user-microservice/internal/adapters/transport/http/middleware/jwt.go:147.71,157.32 4 1
github.com/Cwby333/user-microservice/internal/adapters/transport/http/middleware/jwt.go:157.32,159.4 1 0
github.com/Cwby333/user-microservice/internal/adapters/transport/http/middleware/jwt.go:161.3,161.18 1 1
github.com/Cwby333/user-microservice/internal/adapters/transport/http/middleware/jwt.go:161.18,169.18 4 1
github.com/Cwby333/user-microservice/internal/adapters/transport/http/middleware/jwt.go:169.18,172.5 2 0
github.com/Cwby333/user-microservice/internal/adapters/transport/http/middleware/jwt.go:174.4,175.10 2 1
github.com/Cwby333/user-microservice/internal/adapters/transport/http/middleware/jwt.go:178.3,180.97 2 1
github.com/Cwby333/user-microservice/internal/adapters/transport/http/middleware/jwt.go:180.97,182.4 1 1
github.com/Cwby333/user-microservice/internal/adapters/transport/http/middleware/jwt.go:187.3,187.17 1 1
github.com/Cwby333/user-microservice/internal/adapters/transport/http/middleware/jwt.go:187.17,195.18 4 1
github.com/Cwby333/user-microservice/internal/adapters/transport/http/middleware/jwt.go:195.18,198.5 2 0
github.com/Cwby333/user-microservice/internal/adapters/transport/http/middleware/jwt.go:200.4,201.10 2 1
github.com/Cwby333/user-microservice/internal/adapters/transport/http/middleware/jwt.go:204.3,204.15 1 1
github.com/Cwby333/user-microservice/internal/adapters/transport/http/middleware/jwt.go:204.15,212.18 4 0
github.com/Cwby333/user-microservice/internal/adapters/transport/http/middleware/jwt.go:212.18,215.5 2 0
github.com/Cwby333/user-microservice/internal/adapters/transport/http/middleware/jwt.go:217.4,218.10 2 0
github.com/Cwby333/user-microservice/internal/adapters/transport/http/middleware/jwt.go:221.3,222.10 2 1
github.com/Cwby333/user-microservice/internal/adapters/transport/http/middleware/jwt.go:222.10,228.18 3 0
github.com/Cwby333/user-microservice/internal/adapters/transport/http/middleware/jwt.go:228.18,233.5 3 0
github.com/Cwby333/user-microservice/internal/adapters/transport/http/middleware/jwt.go:235.4,236.10 2 0
github.com/Cwby333/user-microservice/internal/adapters/transport/http/middleware/jwt.go:239.3,240.10 2 1
github.com/Cwby333/user-microservice/internal/adapters/transport/http/middleware/jwt.go:240.10,246.18 3 1
github.com/Cwby333/user-microservice/internal/adapters/transport/http/middleware/jwt.go:246.18,251.5 3 0
github.com/Cwby333/user-microservice/internal/adapters/transport/http/middleware/jwt.go:253.4,254.10 2 1
github.com/Cwby333/user-microservice/internal/adapters/transport/http/middleware/jwt.go:257.3,257.29 1 1
github.com/Cwby333/user-microservice/internal/adapters/transport/http/middleware/jwt.go:257.29,263.18 3 1
github.com/Cwby333/user-microservice/internal/adapters/transport/http/middleware/jwt.go:263.18,268.5 3 0
github.com/Cwby333/user-microservice/internal/adapters/transport/http/middleware/jwt.go:270.4,271.10 2 1
github.com/Cwby333/user-microservice/internal/adapters/transport/http/middleware/jwt.go:274.3,280.23 5 1
github.com/Cwby333/user-microservice/internal/adapters/transport/http/middleware/logging.go:17.46,18.71 1 1
github.com/Cwby333/user-microservice/internal/adapters/transport/http/middleware/logging.go:18.71,32.3 4 1
github.com/Cwby333/user-microservice/internal/adapters/transport/http/middleware/recover.go:11.46,12.71 1 0
github.com/Cwby333/user-microservice/internal/adapters/transport/http/middleware/recover.go:12.71,13.16 1 0
github.com/Cwby333/user-microservice/internal/adapters/transport/http/middleware/recover.go:13.16,15.16 2 0
github.com/Cwby333/user-microservice/internal/adapters/transport/http/middleware/recover.go:15.16,23.19 4 0
github.com/Cwby333/user-microservice/internal/adapters/transport/http/middleware/recover.go:23.19,28.6 3 0
github.com/Cwby333/user-microservice/internal/adapters/transport/http/middleware/recover.go:30.5,31.11 2 0
github.com/Cwby333/user-microservice/internal/adapters/transport/http/middleware/recover.go:35.3,35.23 1 0
github.com/Cwby333/user-microservice/internal/adapters/transport/http/userRouter/dto.go:15.39,26.2 2 1
github.com/Cwby333/user-microservice/internal/adapters/transport/http/userRouter/dto.go:28.39,39.2 2 1
github.com/Cwby333/user-microservice/internal/adapters/transport/http/userRouter/router.go:50.96,58.2 1 1
github.com/Cwby333/user-microservice/internal/adapters/transport/http/userRouter/router.go:60.43,61.71 1 0
github.com/Cwby333/user-microservice/internal/adapters/transport/http/userRouter/router.go:61.71,66.37 4 0
github.com/Cwby333/user-microservice/internal/adapters/transport/http/userRouter/router.go:66.37,69.4 2 0
github.com/Cwby333/user-microservice/internal/adapters/transport/http/userRouter/router.go:71.3,71.23 1 0
github.com/Cwby333/user-microservice/internal/adapters/transport/http/userRouter/router.go:75.111,76.40 1 0
github.com/Cwby333/user-microservice/internal/adapters/transport/http/userRouter/router.go:76.40,78.3 1 0
github.com/Cwby333/user-microservice/internal/adapters/transport/http/userRouter/router.go:80.2,80.32 1 0
github.com/Cwby333/user-microservice/internal/adapters/transport/http/userRouter/router.go:83.29,89.99 5 0
github.com/Cwby333/user-microservice/internal/adapters/transport/http/userRouter/router.go:89.99,94.3 4 0
github.com/Cwby333/user-microservice/internal/adapters/transport/http/userRouter/router.go:95.2,102.110 5 0
github.com/Cwby333/user-microservice/internal/adapters/transport/http/userRouter/router.go:102.110,107.3 4 0
github.com/Cwby333/user-microservice/internal/adapters/transport/http/userRouter/router.go:110.2,114.100 3 0
github.com/Cwby333/user-microservice/internal/adapters/transport/http/userRouter/router.go:114.100,119.3 4 0
github.com/Cwby333/user-microservice/internal/adapters/transport/http/userRouter/router.go:122.2,122.122 1 0
github.com/Cwby333/user-microservice/internal/adapters/transport/http/userRouter/router.go:138.72,145.16 6 1
github.com/Cwby333/user-microservice/internal/adapters/transport/http/userRouter/router.go:145.16,155.17 4 0
github.com/Cwby333/user-microservice/internal/adapters/transport/http/userRouter/router.go:155.17,160.4 3 0
github.com/Cwby333/user-microservice/internal/adapters/transport/http/userRouter/router.go:162.3,163.9 2 0
github.com/Cwby333/user-microservice/internal/adapters/transport/http/userRouter/router.go:165.2,169.16 4 1
github.com/Cwby333/user-microservice/internal/adapters/transport/http/userRouter/router.go:169.16,177.17 4 0
github.com/Cwby333/user-microservice/internal/adapters/transport/http/userRouter/router.go:177.17,180.4 2 0
github.com/Cwby333/user-microservice/internal/adapters/transport/http/userRouter/router.go:182.3,183.9 2 0
github.com/Cwby333/user-microservice/internal/adapters/transport/http/userRouter/router.go:186.2,187.16 2 1
github.com/Cwby333/user-microservice/internal/adapters/transport/http/userRouter/router.go:187.16,193.25 4 1
github.com/Cwby333/user-microservice/internal/adapters/transport/http/userRouter/router.go:193.25,195.4 1 1
github.com/Cwby333/user-microservice/internal/adapters/transport/http/userRouter/router.go:196.3,207.17 5 1
github.com/Cwby333/user-microservice/internal/adapters/transport/http/userRouter/router.go:207.17,210.4 2 0
github.com/Cwby333/user-microservice/internal/adapters/transport/http/userRouter/router.go:212.3,213.9 2 1
github.com/Cwby333/user-microservice/internal/adapters/transport/http/userRouter/router.go:216.2,230.16 4 1
github.com/Cwby333/user-microservice/internal/adapters/transport/http/userRouter/router.go:230.16,233.50 2 1
github.com/Cwby333/user-microservice/internal/adapters/transport/http/userRouter/router.go:233.50,241.18 3 1
github.com/Cwby333/user-microservice/internal/adapters/transport/http/userRouter/router.go:241.18,244.5 2 0
github.com/Cwby333/user-microservice/internal/adapters/transport/http/userRouter/router.go:246.4,247.10 2 1
github.com/Cwby333/user-microservice/internal/adapters/transport/http/userRouter/router.go:250.3,250.47 1 1
github.com/Cwby333/user-microservice/internal/adapters/transport/http/userRouter/router.go:250.47,258.18 3 1
github.com/Cwby333/user-microservice/internal/adapters/transport/http/userRouter/router.go:258.18,261.5 2 0
github.com/Cwby333/user-microservice/internal/adapters/transport/http/userRouter/router.go:263.4,264.10 2 1
github.com/Cwby333/user-microservice/internal/adapters/transport/http/userRouter/router.go:267.3,267.49 1 1
github.com/Cwby333/user-microservice/internal/adapters/transport/http/userRouter/router.go:267.49,275.18 3 1
github.com/Cwby333/user-microservice/internal/adapters/transport/http/userRouter/router.go:275.18,278.5 2 0
github.com/Cwby333/user-microservice/internal/adapters/transport/http/userRouter/router.go:280.4,281.10 2 1
github.com/Cwby333/user-microservice/internal/adapters/transport/http/userRouter/router.go:284.3,284.47 1 1
github.com/Cwby333/user-microservice/internal/adapters/transport/http/userRouter/router.go:284.47,292.18 3 1
github.com/Cwby333/user-microservice/internal/adapters/transport/http/userRouter/router.go:292.18,295.5 2 0
github.com/Cwby333/user-microservice/internal/adapters/transport/http/userRouter/router.go:297.4,298.10 2 1
github.com/Cwby333/user-microservice/internal/adapters/transport/http/userRouter/router.go:301.3,308.17 3 1
github.com/Cwby333/user-microservice/internal/adapters/transport/http/userRouter/router.go:308.17,311.4 2 0
github.com/Cwby333/user-microservice/internal/adapters/transport/http/userRouter/router.go:313.3,314.9 2 1
github.com/Cwby333/user-microservice/internal/adapters/transport/http/userRouter/router.go:317.2,329.16 4 1
github.com/Cwby333/user-microservice/internal/adapters/transport/http/userRouter/router.go:329.16,335.3 4 0
github.com/Cwby333/user-microservice/internal/adapters/transport/http/userRouter/router.go:337.2,338.8 2 1
github.com/Cwby333/user-microservice/internal/adapters/transport/http/userRouter/router.go:352.69,360.16 7 1
github.com/Cwby333/user-microservice/internal/adapters/transport/http/userRouter/router.go:360.16,370.17 4 0
github.com/Cwby333/user-microservice/internal/adapters/transport/http/userRouter/router.go:370.17,375.4 3 0
github.com/Cwby333/user-microservice/internal/adapters/transport/http/userRouter/router.go:377.3,378.9 2 0
github.com/Cwby333/user-microservice/internal/adapters/transport/http/userRouter/router.go:380.2,383.16 3 1
github.com/Cwby333/user-microservice/internal/adapters/transport/http/userRouter/router.go:383.16,391.17 4 0
github.com/Cwby333/user-microservice/internal/adapters/transport/http/userRouter/router.go:391.17,396.4 3 0
github.com/Cwby333/user-microservice/internal/adapters/transport/http/userRouter/router.go:398.3,399.9 2 0
github.com/Cwby333/user-microservice/internal/adapters/transport/http/userRouter/router.go:402.2,403.16 2 1
github.com/Cwby333/user-microservice/internal/adapters/transport/http/userRouter/router.go:403.16,411.25 5 1
github.com/Cwby333/user-microservice/internal/adapters/transport/http/userRouter/router.go:411.25,413.4 1 1
github.com/Cwby333/user-microservice/internal/adapters/transport/http/userRouter/router.go:415.3,422.17 3 1
github.com/Cwby333/user-microservice/internal/adapters/transport/http/userRouter/router.go:422.17,427.4 3 0
github.com/Cwby333/user-microservice/internal/adapters/transport/http/userRouter/router.go:429.3,430.9 2 1
github.com/Cwby333/user-microservice/internal/adapters/transport/http/userRouter/router.go:433.2,441.16 4 1
github.com/Cwby333/user-microservice/internal/adapters/transport/http/userRouter/router.go:441.16,444.49 2 1
github.com/Cwby333/user-microservice/internal/adapters/transport/http/userRouter/router.go:444.49,453.18 4 1
github.com/Cwby333/user-microservice/internal/adapters/transport/http/userRouter/router.go:453.18,458.5 3 0
github.com/Cwby333/user-microservice/internal/adapters/transport/http/userRouter/router.go:460.4,461.10 2 1
github.com/Cwby333/user-microservice/internal/adapters/transport/http/userRouter/router.go:463.3,463.45 1 1
github.com/Cwby333/user-microservice/internal/adapters/transport/http/userRouter/router.go:463.45,471.18 3 1
github.com/Cwby333/user-microservice/internal/adapters/transport/http/userRouter/router.go:471.18,476.5 3 0
github.com/Cwby333/user-microservice/internal/adapters/transport/http/userRouter/router.go:478.4,479.10 2 1
github.com/Cwby333/user-microservice/internal/adapters/transport/http/userRouter/router.go:482.3,490.17 4 1
github.com/Cwby333/user-microservice/internal/adapters/transport/http/userRouter/router.go:490.17,495.4 3 0
github.com/Cwby333/user-microservice/internal/adapters/transport/http/userRouter/router.go:497.3,498.9 2 1
github.com/Cwby333/user-microservice/internal/adapters/transport/http/userRouter/router.go:501.2,511.16 4 0
github.com/Cwby333/user-microservice/internal/adapters/transport/http/userRouter/router.go:511.16,515.17 3 0
github.com/Cwby333/user-microservice/internal/adapters/transport/http/userRouter/router.go:515.17,517.4 1 0
github.com/Cwby333/user-microservice/internal/adapters/transport/http/userRouter/router.go:519.3,539.5 3 0
github.com/Cwby333/user-microservice/internal/adapters/transport/http/userRouter/router.go:542.2,565.16 5 0
github.com/Cwby333/user-microservice/internal/adapters/transport/http/userRouter/router.go:565.16,567.3 1 0
github.com/Cwby333/user-microservice/internal/adapters/transport/http/userRouter/router.go:570.2,571.8 2 0
github.com/Cwby333/user-microservice/internal/adapters/transport/http/userRouter/router.go:576.70,582.16 6 1
github.com/Cwby333/user-microservice/internal/adapters/transport/http/userRouter/router.go:582.16,590.17 4 1
github.com/Cwby333/user-microservice/internal/adapters/transport/http/userRouter/router.go:590.17,595.4 3 0
github.com/Cwby333/user-microservice/internal/adapters/transport/http/userRouter/router.go:597.3,598.9 2 1
github.com/Cwby333/user-microservice/internal/adapters/transport/http/userRouter/router.go:601.2,603.16 3 1
github.com/Cwby333/user-microservice/internal/adapters/transport/http/userRouter/router.go:603.16,611.17 4 1
github.com/Cwby333/user-microservice/internal/adapters/transport/http/userRouter/router.go:611.17,616.4 3 0
github.com/Cwby333/user-microservice/internal/adapters/transport/http/userRouter/router.go:618.3,619.9 2 1
github.com/Cwby333/user-microservice/internal/adapters/transport/http/userRouter/router.go:622.2,628.16 6 1
github.com/Cwby333/user-microservice/internal/adapters/transport/http/userRouter/router.go:628.16,629.45 1 1
github.com/Cwby333/user-microservice/internal/adapters/transport/http/userRouter/router.go:629.45,637.18 4 1
github.com/Cwby333/user-microservice/internal/adapters/transport/http/userRouter/router.go:637.18,642.5 3 0
github.com/Cwby333/user-microservice/internal/adapters/transport/http/userRouter/router.go:644.4,645.10 2 1
github.com/Cwby333/user-microservice/internal/adapters/transport/http/userRouter/router.go:648.3,655.17 4 1
github.com/Cwby333/user-microservice/internal/adapters/transport/http/userRouter/router.go:655.17,660.4 3 0
github.com/Cwby333/user-microservice/internal/adapters/transport/http/userRouter/router.go:662.3,663.9 2 1
github.com/Cwby333/user-microservice/internal/adapters/transport/http/userRouter/router.go:666.2,694.16 6 1
github.com/Cwby333/user-microservice/internal/adapters/transport/http/userRouter/router.go:694.16,698.17 3 0
github.com/Cwby333/user-microservice/internal/adapters/transport/http/userRouter/router.go:698.17,700.4 1 0
github.com/Cwby333/user-microservice/internal/adapters/transport/http/userRouter/router.go:702.3,702.9 1 0
github.com/Cwby333/user-microservice/internal/adapters/transport/http/userRouter/router.go:705.2,708.16 3 1
github.com/Cwby333/user-microservice/internal/adapters/transport/http/userRouter/router.go:708.16,710.3 1 0
github.com/Cwby333/user-microservice/internal/adapters/transport/http/userRouter/router.go:713.77,720.9 7 1
github.com/Cwby333/user-microservice/internal/adapters/transport/http/userRouter/router.go:720.9,722.3 1 0
github.com/Cwby333/user-microservice/internal/adapters/transport/http/userRouter/router.go:723.2,724.9 2 1
github.com/Cwby333/user-microservice/internal/adapters/transport/http/userRouter/router.go:724.9,726.3 1 0
github.com/Cwby333/user-microservice/internal/adapters/transport/http/userRouter/router.go:727.2,728.9 2 1
github.com/Cwby333/user-microservice/internal/adapters/transport/http/userRouter/router.go:728.9,730.3 1 0
github.com/Cwby333/user-microservice/internal/adapters/transport/http/userRouter/router.go:731.2,732.9 2 1
github.com/Cwby333/user-microservice/internal/adapters/transport/http/userRouter/router.go:732.9,734.3 1 0
github.com/Cwby333/user-microservice/internal/adapters/transport/http/userRouter/router.go:735.2,736.9 2 1
github.com/Cwby333/user-microservice/internal/adapters/transport/http/userRouter/router.go:736.9,738.3 1 1
github.com/Cwby333/user-microservice/internal/adapters/transport/http/userRouter/router.go:739.2,747.16 4 1
github.com/Cwby333/user-microservice/internal/adapters/transport/http/userRouter/router.go:747.16,748.52 1 1
github.com/Cwby333/user-microservice/internal/adapters/transport/http/userRouter/router.go:748.52,756.18 4 0
github.com/Cwby333/user-microservice/internal/adapters/transport/http/userRouter/router.go:756.18,760.19 3 0
github.com/Cwby333/user-microservice/internal/adapters/transport/http/userRouter/router.go:760.19,762.6 1 0
github.com/Cwby333/user-microservice/internal/adapters/transport/http/userRouter/router.go:763.5,763.11 1 0
github.com/Cwby333/user-microservice/internal/adapters/transport/http/userRouter/router.go:766.4,767.18 2 0
github.com/Cwby333/user-microservice/internal/adapters/transport/http/userRouter/router.go:767.18,769.5 1 0
github.com/Cwby333/user-microservice/internal/adapters/transport/http/userRouter/router.go:770.4,770.10 1 0
github.com/Cwby333/user-microservice/internal/adapters/transport/http/userRouter/router.go:773.3,780.17 4 1
github.com/Cwby333/user-microservice/internal/adapters/transport/http/userRouter/router.go:780.17,785.4 3 0
github.com/Cwby333/user-microservice/internal/adapters/transport/http/userRouter/router.go:787.3,788.9 2 1
github.com/Cwby333/user-microservice/internal/adapters/transport/http/userRouter/router.go:791.2,820.16 7 1
github.com/Cwby333/user-microservice/internal/adapters/transport/http/userRouter/router.go:820.16,825.3 3 0
github.com/Cwby333/user-microservice/internal/adapters/transport/http/userRouter/router.go:827.2,828.16 2 1
github.com/Cwby333/user-microservice/internal/adapters/transport/http/userRouter/router.go:828.16,830.3 1 0
github.com/Cwby333/user-microservice/internal/adapters/transport/http/userRouter/router.go:839.75,849.14 7 1
github.com/Cwby333/user-microservice/internal/adapters/transport/http/userRouter/router.go:849.14,859.17 4 1
github.com/Cwby333/user-microservice/internal/adapters/transport/http/userRouter/router.go:859.17,864.4 3 0
github.com/Cwby333/user-microservice/internal/adapters/transport/http/userRouter/router.go:866.3,867.9 2 1
github.com/Cwby333/user-microservice/internal/adapters/transport/http/userRouter/router.go:870.2,871.16 2 1
github.com/Cwby333/user-microservice/internal/adapters/transport/http/userRouter/router.go:871.16,874.45 2 1
github.com/Cwby333/user-microservice/internal/adapters/transport/http/userRouter/router.go:874.45,882.18 3 1
github.com/Cwby333/user-microservice/internal/adapters/transport/http/userRouter/router.go:882.18,887.5 3 0
github.com/Cwby333/user-microservice/internal/adapters/transport/http/userRouter/router.go:889.4,890.10 2 1
github.com/Cwby333/user-microservice/internal/adapters/transport/http/userRouter/router.go:892.3,892.49 1 1
github.com/Cwby333/user-microservice/internal/adapters/transport/http/userRouter/router.go:892.49,900.18 3 1
github.com/Cwby333/user-microservice/internal/adapters/transport/http/userRouter/router.go:900.18,905.5 3 0
github.com/Cwby333/user-microservice/internal/adapters/transport/http/userRouter/router.go:907.4,908.10 2 1
github.com/Cwby333/user-microservice/internal/adapters/transport/http/userRouter/router.go:911.3,918.17 3 1
github.com/Cwby333/user-microservice/internal/adapters/transport/http/userRouter/router.go:918.17,923.4 3 0
github.com/Cwby333/user-microservice/internal/adapters/transport/http/userRouter/router.go:925.3,926.9 2 1
github.com/Cwby333/user-microservice/internal/adapters/transport/http/userRouter/router.go:929.2,938.16 3 1
github.com/Cwby333/user-microservice/internal/adapters/transport/http/userRouter/router.go:938.16,944.3 4 0
github.com/Cwby333/user-microservice/internal/adapters/transport/http/userRouter/router.go:946.2,949.16 3 1
github.com/Cwby333/user-microservice/internal/adapters/transport/http/userRouter/router.go:949.16,951.3 1 0
github.com/Cwby333/user-microservice/internal/adapters/transport/http/userRouter/router.go:959.75,967.21 7 1
github.com/Cwby333/user-microservice/internal/adapters/transport/http/userRouter/router.go:967.21,977.17 4 1
github.com/Cwby333/user-microservice/internal/adapters/transport/http/userRouter/router.go:977.17,982.4 3 0
github.com/Cwby333/user-microservice/internal/adapters/transport/http/userRouter/router.go:984.3,985.9 2 1
github.com/Cwby333/user-microservice/internal/adapters/transport/http/userRouter/router.go:988.2,989.16 2 1
github.com/Cwby333/user-microservice/internal/adapters/transport/http/userRouter/router.go:989.16,999.17 4 1
github.com/Cwby333/user-microservice/internal/adapters/transport/http/userRouter/router.go:999.17,1004.4 3 0
github.com/Cwby333/user-microservice/internal/adapters/transport/http/userRouter/router.go:1006.3,1007.9 2 1
github.com/Cwby333/user-microservice/internal/adapters/transport/http/userRouter/router.go:1010.2,1011.23 2 1
github.com/Cwby333/user-microservice/internal/adapters/transport/http/userRouter/router.go:1011.23,1013.3 1 1
github.com/Cwby333/user-microservice/internal/adapters/transport/http/userRouter/router.go:1015.2,1023.16 3 1
github.com/Cwby333/user-microservice/internal/adapters/transport/http/userRouter/router.go:1023.16,1027.27 3 0
github.com/Cwby333/user-microservice/internal/adapters/transport/http/userRouter/router.go:1027.27,1031.4 2 0
github.com/Cwby333/user-microservice/internal/adapters/transport/http/userRouter/router.go:1033.3,1034.9 2 0
github.com/Cwby333/user-microservice/internal/adapters/transport/http/userRouter/router.go:1037.2,1040.16 3 1
github.com/Cwby333/user-microservice/internal/adapters/transport/http/userRouter/router.go:1040.16,1042.3 1 0
github.com/Cwby333/user-microservice/internal/adapters/transport/http/userRouter/router.go:1058.74,1068.16 8 1
github.com/Cwby333/user-microservice/internal/adapters/transport/http/userRouter/router.go:1068.16,1078.17 4 0
github.com/Cwby333/user-microservice/internal/adapters/transport/http/userRouter/router.go:1078.17,1083.4 3 0
github.com/Cwby333/user-microservice/internal/adapters/transport/http/userRouter/router.go:1085.3,1086.9 2 0
github.com/Cwby333/user-microservice/internal/adapters/transport/http/userRouter/router.go:1088.2,1091.16 3 1
github.com/Cwby333/user-microservice/internal/adapters/transport/http/userRouter/router.go:1091.16,1101.17 4 0
github.com/Cwby333/user-microservice/internal/adapters/transport/http/userRouter/router.go:1101.17,1106.4 3 0
github.com/Cwby333/user-microservice/internal/adapters/transport/http/userRouter/router.go:1108.3,1109.9 2 0
github.com/Cwby333/user-microservice/internal/adapters/transport/http/userRouter/router.go:1112.2,1120.16 3 1
github.com/Cwby333/user-microservice/internal/adapters/transport/http/userRouter/router.go:1120.16,1121.49 1 1
github.com/Cwby333/user-microservice/internal/adapters/transport/http/userRouter/router.go:1121.49,1131.18 4 1
github.com/Cwby333/user-microservice/internal/adapters/transport/http/userRouter/router.go:1131.18,1136.5 3 0
github.com/Cwby333/user-microservice/internal/adapters/transport/http/userRouter/router.go:1138.4,1139.10 2 1
github.com/Cwby333/user-microservice/internal/adapters/transport/http/userRouter/router.go:1142.3,1151.17 4 1
github.com/Cwby333/user-microservice/internal/adapters/transport/http/userRouter/router.go:1151.17,1156.4 3 0
github.com/Cwby333/user-microservice/internal/adapters/transport/http/userRouter/router.go:1158.3,1159.9 2 1
github.com/Cwby333/user-microservice/internal/adapters/transport/http/userRouter/router.go:1162.2,1172.16 3 1
github.com/Cwby333/user-microservice/internal/adapters/transport/http/userRouter/router.go:1172.16,1177.3 3 0
github.com/Cwby333/user-microservice/internal/adapters/transport/http/userRouter/router.go:1179.2,1180.16 2 1
github.com/Cwby333/user-microservice/internal/adapters/transport/http/userRouter/router.go:1180.16,1182.3 1 0
github.com/Cwby333/user-microservice/internal/adapters/transport/http/userRouter/router.go:1185.74,1195.16 8 1
github.com/Cwby333/user-microservice/internal/adapters/transport/http/userRouter/router.go:1195.16,1205.17 4 1
github.com/Cwby333/user-microservice/internal/adapters/transport/http/userRouter/router.go:1205.17,1210.4 3 0
github.com/Cwby333/user-microservice/internal/adapters/transport/http/userRouter/router.go:1212.3,1213.9 2 1
github.com/Cwby333/user-microservice/internal/adapters/transport/http/userRouter/router.go:1216.2,1221.16 3 1
github.com/Cwby333/user-microservice/internal/adapters/transport/http/userRouter/router.go:1221.16,1226.3 3 0
github.com/Cwby333/user-microservice/internal/adapters/transport/http/userRouter/router.go:1228.2,1244.16 4 1
github.com/Cwby333/user-microservice/internal/adapters/transport/http/userRouter/router.go:1244.16,1246.3 1 0
github.com/Cwby333/user-microservice/internal/adapters/transport/http/userRouter/router.go:1255.78,1261.36 5 0
github.com/Cwby333/user-microservice/internal/adapters/transport/http/userRouter/router.go:1261.36,1264.3 2 0
github.com/Cwby333/user-microservice/internal/adapters/transport/http/userRouter/router.go:1267.2,1273.18 5 0
github.com/Cwby333/user-microservice/internal/adapters/transport/http/userRouter/router.go:1273.18,1281.3 4 0
github.com/Cwby333/user-microservice/internal/adapters/transport/http/userRouter/router.go:1284.2,1285.35 2 0
github.com/Cwby333/user-microservice/internal/adapters/transport/http/userRouter/router.go:1285.35,1287.3 1 0
github.com/Cwby333/user-microservice/internal/adapters/transport/http/userRouter/router.go:1290.2,1298.16 3 0
github.com/Cwby333/user-microservice/internal/adapters/transport/http/userRouter/router.go:1298.16,1302.3 3 0
github.com/Cwby333/user-microservice/internal/adapters/transport/http/userRouter/router.go:1303.2,1311.77 3 0
github.com/Cwby333/user-microservice/internal/adapters/transport/http/userRouter/router.go:1311.77,1320.3 5 0
github.com/Cwby333/user-microservice/internal/adapters/transport/http/userRouter/router.go:1323.2,1328.14 3 0
github.com/Cwby333/user-microservice/internal/adapters/transport/http/userRouter/router.go:1338.80,1341.38 2 0
github.com/Cwby333/user-microservice/internal/adapters/transport/http/userRouter/router.go:1341.38,1349.17 3 0
github.com/Cwby333/user-microservice/internal/adapters/transport/http/userRouter/router.go:1349.17,1352.4 2 0
github.com/Cwby333/user-microservice/internal/adapters/transport/http/userRouter/router.go:1354.3,1357.9 4 0
github.com/Cwby333/user-microservice/internal/adapters/transport/http/userRouter/router.go:1360.2,1364.16 3 0
github.com/Cwby333/user-microservice/internal/adapters/transport/http/userRouter/router.go:1364.16,1367.49 2 0
github.com/Cwby333/user-microservice/internal/adapters/transport/http/userRouter/router.go:1367.49,1375.18 3 0
github.com/Cwby333/user-microservice/internal/adapters/transport/http/userRouter/router.go:1375.18,1378.5 2 0
github.com/Cwby333/user-microservice/internal/adapters/transport/http/userRouter/router.go:1380.4,1383.10 4 0
github.com/Cwby333/user-microservice/internal/adapters/transport/http/userRouter/router.go:1386.3,1386.45 1 0
github.com/Cwby333/user-microservice/internal/adapters/transport/http/userRouter/router.go:1386.45,1394.18 3 0
github.com/Cwby333/user-microservice/internal/adapters/transport/http/userRouter/router.go:1394.18,1397.5 2 0
github.com/Cwby333/user-microservice/internal/adapters/transport/http/userRouter/router.go:1399.4,1402.10 4 0
github.com/Cwby333/user-microservice/internal/adapters/transport/http/userRouter/router.go:1405.3,1412.17 3 0
github.com/Cwby333/user-microservice/internal/adapters/transport/http/userRouter/router.go:1412.17,1415.4 2 0
github.com/Cwby333/user-microservice/internal/adapters/transport/http/userRouter/router.go:1417.3,1420.9 4 0
github.com/Cwby333/user-microservice/internal/adapters/transport/http/userRouter/router.go:1424.2,1437.16 5 0
github.com/Cwby333/user-microservice/internal/adapters/transport/http/userRouter/router.go:1437.16,1440.3 2 0
github.com/Cwby333/user-microservice/internal/adapters/transport/http/userRouter/router.go:1442.2,1444.15 3 0
github.com/Cwby333/user-microservice/internal/adapters/repository/postgres/defferedTasks.go:10.80,15.16 4 0
github.com/Cwby333/user-microservice/internal/adapters/repository/postgres/defferedTasks.go:15.16,17.3 1 0
github.com/Cwby333/user-microservice/internal/adapters/repository/postgres/defferedTasks.go:19.2,19.12 1 0
github.com/Cwby333/user-microservice/internal/adapters/repository/postgres/dto.go:16.39,27.2 2 1
github.com/Cwby333/user-microservice/internal/adapters/repository/postgres/dto.go:29.39,40.2 2 0
github.com/Cwby333/user-microservice/internal/adapters/repository/postgres/init.go:30.61,45.16 4 1
github.com/Cwby333/user-microservice/internal/adapters/repository/postgres/init.go:45.16,47.3 1 0
github.com/Cwby333/user-microservice/internal/adapters/repository/postgres/init.go:49.2,50.16 2 1
github.com/Cwby333/user-microservice/internal/adapters/repository/postgres/init.go:50.16,52.3 1 0
github.com/Cwby333/user-microservice/internal/adapters/repository/postgres/init.go:54.2,55.16 2 1
github.com/Cwby333/user-microservice/internal/adapters/repository/postgres/init.go:55.16,57.3 1 1
github.com/Cwby333/user-microservice/internal/adapters/repository/postgres/init.go:59.2,61.8 1 0
github.com/Cwby333/user-microservice/internal/adapters/repository/postgres/init.go:64.27,66.2 1 0
github.com/Cwby333/user-microservice/internal/adapters/repository/postgres/users.go:14.91,27.16 6 0
github.com/Cwby333/user-microservice/internal/adapters/repository/postgres/users.go:27.16,28.58 1 0
github.com/Cwby333/user-microservice/internal/adapters/repository/postgres/users.go:28.58,30.4 1 0
github.com/Cwby333/user-microservice/internal/adapters/repository/postgres/users.go:32.3,32.55 1 0
github.com/Cwby333/user-microservice/internal/adapters/repository/postgres/users.go:32.55,34.4 1 0
github.com/Cwby333/user-microservice/internal/adapters/repository/postgres/users.go:36.3,36.54 1 0
github.com/Cwby333/user-microservice/internal/adapters/repository/postgres/users.go:39.2,42.18 3 0
github.com/Cwby333/user-microservice/internal/adapters/repository/postgres/users.go:42.18,44.17 2 0
github.com/Cwby333/user-microservice/internal/adapters/repository/postgres/users.go:44.17,46.4 1 0
github.com/Cwby333/user-microservice/internal/adapters/repository/postgres/users.go:49.2,51.18 2 0
github.com/Cwby333/user-microservice/internal/adapters/repository/postgres/users.go:54.85,59.16 4 0
github.com/Cwby333/user-microservice/internal/adapters/repository/postgres/users.go:59.16,60.36 1 0
github.com/Cwby333/user-microservice/internal/adapters/repository/postgres/users.go:60.36,62.4 1 0
github.com/Cwby333/user-microservice/internal/adapters/repository/postgres/users.go:64.3,64.54 1 0
github.com/Cwby333/user-microservice/internal/adapters/repository/postgres/users.go:67.2,68.16 2 0
github.com/Cwby333/user-microservice/internal/adapters/repository/postgres/users.go:68.16,69.45 1 0
github.com/Cwby333/user-microservice/internal/adapters/repository/postgres/users.go:69.45,71.4 1 0
github.com/Cwby333/user-microservice/internal/adapters/repository/postgres/users.go:73.3,73.54 1 0
github.com/Cwby333/user-microservice/internal/adapters/repository/postgres/users.go:76.2,78.18 2 0
github.com/Cwby333/user-microservice/internal/adapters/repository/postgres/users.go:81.97,86.16 4 0
github.com/Cwby333/user-microservice/internal/adapters/repository/postgres/users.go:86.16,87.36 1 0
github.com/Cwby333/user-microservice/internal/adapters/repository/postgres/users.go:87.36,89.4 1 0
github.com/Cwby333/user-microservice/internal/adapters/repository/postgres/users.go:91.3,91.54 1 0
github.com/Cwby333/user-microservice/internal/adapters/repository/postgres/users.go:94.2,95.16 2 0
github.com/Cwby333/user-microservice/internal/adapters/repository/postgres/users.go:95.16,96.45 1 0
github.com/Cwby333/user-microservice/internal/adapters/repository/postgres/users.go:96.45,98.4 1 0
github.com/Cwby333/user-microservice/internal/adapters/repository/postgres/users.go:100.3,100.54 1 0
github.com/Cwby333/user-microservice/internal/adapters/repository/postgres/users.go:103.2,105.18 2 0
github.com/Cwby333/user-microservice/internal/adapters/repository/postgres/users.go:108.76,113.16 4 0
github.com/Cwby333/user-microservice/internal/adapters/repository/postgres/users.go:113.16,114.36 1 0
github.com/Cwby333/user-microservice/internal/adapters/repository/postgres/users.go:114.36,116.4 1 0
github.com/Cwby333/user-microservice/internal/adapters/repository/postgres/users.go:118.3,118.44 1 0
github.com/Cwby333/user-microservice/internal/adapters/repository/postgres/users.go:121.2,122.16 2 0
github.com/Cwby333/user-microservice/internal/adapters/repository/postgres/users.go:122.16,123.45 1 0
github.com/Cwby333/user-microservice/internal/adapters/repository/postgres/users.go:123.45,125.4 1 0
github.com/Cwby333/user-microservice/internal/adapters/repository/postgres/users.go:127.3,127.44 1 0
github.com/Cwby333/user-microservice/internal/adapters/repository/postgres/users.go:130.2,132.26 2 0
github.com/Cwby333/user-microservice/internal/adapters/repository/postgres/users.go:132.26,134.3 1 0
github.com/Cwby333/user-microservice/internal/adapters/repository/postgres/users.go:136.2,136.24 1 0
github.com/Cwby333/user-microservice/internal/adapters/repository/postgres/users.go:139.73,144.16 4 0
github.com/Cwby333/user-microservice/internal/adapters/repository/postgres/users.go:144.16,145.36 1 0
github.com/Cwby333/user-microservice/internal/adapters/repository/postgres/users.go:145.36,147.4 1 0
github.com/Cwby333/user-microservice/internal/adapters/repository/postgres/users.go:149.3,149.39 1 0
github.com/Cwby333/user-microservice/internal/adapters/repository/postgres/users.go:151.2,153.12 2 0
github.com/Cwby333/user-microservice/internal/adapters/repository/postgres/users.go:156.113,168.16 4 0
github.com/Cwby333/user-microservice/internal/adapters/repository/postgres/users.go:168.16,169.36 1 0
github.com/Cwby333/user-microservice/internal/adapters/repository/postgres/users.go:169.36,171.4 1 0
github.com/Cwby333/user-microservice/internal/adapters/repository/postgres/users.go:173.3,173.54 1 0
github.com/Cwby333/user-microservice/internal/adapters/repository/postgres/users.go:175.2,177.25 2 0
github.com/Cwby333/user-microservice/internal/service/userService/service.go:60.132,68.2 1 1
github.com/Cwby333/user-microservice/internal/service/userService/service.go:70.87,73.47 2 1
github.com/Cwby333/user-microservice/internal/service/userService/service.go:73.47,75.3 1 1
github.com/Cwby333/user-microservice/internal/service/userService/service.go:76.2,76.48 1 1
github.com/Cwby333/user-microservice/internal/service/userService/service.go:76.48,78.3 1 1
github.com/Cwby333/user-microservice/internal/service/userService/service.go:80.2,81.16 2 1
github.com/Cwby333/user-microservice/internal/service/userService/service.go:81.16,83.3 1 0
github.com/Cwby333/user-microservice/internal/service/userService/service.go:85.2,86.21 2 1
github.com/Cwby333/user-microservice/internal/service/userService/service.go:86.21,88.3 1 1
github.com/Cwby333/user-microservice/internal/service/userService/service.go:90.2,91.16 2 1
github.com/Cwby333/user-microservice/internal/service/userService/service.go:91.16,93.3 1 0
github.com/Cwby333/user-microservice/internal/service/userService/service.go:95.2,95.18 1 1
github.com/Cwby333/user-microservice/internal/service/userService/service.go:98.127,102.16 3 1
github.com/Cwby333/user-microservice/internal/service/userService/service.go:102.16,104.3 1 0
github.com/Cwby333/user-microservice/internal/service/userService/service.go:106.2,107.16 2 1
github.com/Cwby333/user-microservice/internal/service/userService/service.go:107.16,109.3 1 1
github.com/Cwby333/user-microservice/internal/service/userService/service.go:111.2,113.16 3 1
github.com/Cwby333/user-microservice/internal/service/userService/service.go:113.16,115.3 1 0
github.com/Cwby333/user-microservice/internal/service/userService/service.go:117.2,117.29 1 1
github.com/Cwby333/user-microservice/internal/service/userService/service.go:120.96,124.16 3 1
github.com/Cwby333/user-microservice/internal/service/userService/service.go:124.16,126.3 1 0
github.com/Cwby333/user-microservice/internal/service/userService/service.go:128.2,128.12 1 1
github.com/Cwby333/user-microservice/internal/service/userService/service.go:131.84,134.42 2 1
github.com/Cwby333/user-microservice/internal/service/userService/service.go:134.42,136.3 1 1
github.com/Cwby333/user-microservice/internal/service/userService/service.go:138.2,139.13 2 1
github.com/Cwby333/user-microservice/internal/service/userService/service.go:140.11,143.19 2 1
github.com/Cwby333/user-microservice/internal/service/userService/service.go:144.10,145.51 1 0
github.com/Cwby333/user-microservice/internal/service/userService/service.go:145.51,147.9 2 0
github.com/Cwby333/user-microservice/internal/service/userService/service.go:150.3,150.61 1 0
github.com/Cwby333/user-microservice/internal/service/userService/service.go:153.2,154.16 2 0
github.com/Cwby333/user-microservice/internal/service/userService/service.go:154.16,156.3 1 0
github.com/Cwby333/user-microservice/internal/service/userService/service.go:158.2,159.16 2 0
github.com/Cwby333/user-microservice/internal/service/userService/service.go:159.16,161.3 1 0
github.com/Cwby333/user-microservice/internal/service/userService/service.go:163.2,163.18 1 0
github.com/Cwby333/user-microservice/internal/service/userService/service.go:166.74,170.16 3 1
github.com/Cwby333/user-microservice/internal/service/userService/service.go:170.16,172.3 1 0
github.com/Cwby333/user-microservice/internal/service/userService/service.go:174.2,174.19 1 1
github.com/Cwby333/user-microservice/internal/service/userService/service.go:177.67,180.42 2 1
github.com/Cwby333/user-microservice/internal/service/userService/service.go:180.42,182.3 1 1
github.com/Cwby333/user-microservice/internal/service/userService/service.go:184.2,185.16 2 1
github.com/Cwby333/user-microservice/internal/service/userService/service.go:185.16,187.3 1 0
github.com/Cwby333/user-microservice/internal/service/userService/service.go:189.2,190.16 2 1
github.com/Cwby333/user-microservice/internal/service/userService/service.go:190.16,192.3 1 0
github.com/Cwby333/user-microservice/internal/service/userService/service.go:194.2,194.12 1 1
github.com/Cwby333/user-microservice/internal/service/userService/service.go:197.107,201.16 3 1
github.com/Cwby333/user-microservice/internal/service/userService/service.go:201.16,203.3 1 0
github.com/Cwby333/user-microservice/internal/service/userService/service.go:205.2,205.29 1 1
github.com/Cwby333/user-microservice/internal/service/userService/service.go:205.29,207.3 1 0
github.com/Cwby333/user-microservice/internal/service/userService/service.go:208.2,208.32 1 1
github.com/Cwby333/user-microservice/internal/service/userService/service.go:208.32,210.3 1 1
github.com/Cwby333/user-microservice/internal/service/userService/service.go:211.2,214.30 3 1
github.com/Cwby333/user-microservice/internal/service/userService/service.go:215.10,216.39 1 1
github.com/Cwby333/user-microservice/internal/service/userService/service.go:217.10,219.17 2 1
github.com/Cwby333/user-microservice/internal/service/userService/service.go:219.17,221.4 1 0
github.com/Cwby333/user-microservice/internal/service/userService/service.go:223.3,223.37 1 1
github.com/Cwby333/user-microservice/internal/service/userService/service.go:226.2,227.16 2 1
github.com/Cwby333/user-microservice/internal/service/userService/service.go:227.16,229.3 1 0
github.com/Cwby333/user-microservice/internal/service/userService/service.go:231.2,232.16 2 1
github.com/Cwby333/user-microservice/internal/service/userService/service.go:232.16,234.3 1 0
github.com/Cwby333/user-microservice/internal/service/userService/service.go:236.2,236.18 1 1
github.com/Cwby333/user-microservice/internal/service/userService/service.go:239.86,243.16 3 1
github.com/Cwby333/user-microservice/internal/service/userService/service.go:243.16,245.3 1 0
github.com/Cwby333/user-microservice/internal/service/userService/service.go:247.2,247.12 1 1
github.com/Cwby333/user-microservice/internal/service/userService/tokens.go:15.134,34.16 5 1
github.com/Cwby333/user-microservice/internal/service/userService/tokens.go:34.16,36.3 1 0
github.com/Cwby333/user-microservice/internal/service/userService/tokens.go:37.2,57.16 7 1
github.com/Cwby333/user-microservice/internal/service/userService/tokens.go:57.16,59.3 1 0
github.com/Cwby333/user-microservice/internal/service/userService/tokens.go:61.2,65.29 4 1
github.com/Cwby333/user-microservice/internal/service/userService/tokens.go:68.201,72.16 3 1
github.com/Cwby333/user-microservice/internal/service/userService/tokens.go:72.16,74.3 1 1
github.com/Cwby333/user-microservice/internal/service/userService/tokens.go:76.2,77.16 2 1
github.com/Cwby333/user-microservice/internal/service/userService/tokens.go:77.16,79.3 1 0
github.com/Cwby333/user-microservice/internal/service/userService/tokens.go:81.2,81.58 1 1
github.com/Cwby333/user-microservice/internal/service/userService/tokens.go:81.58,83.3 1 1
github.com/Cwby333/user-microservice/internal/service/userService/tokens.go:85.2,86.16 2 1
github.com/Cwby333/user-microservice/internal/service/userService/tokens.go:86.16,88.3 1 0
github.com/Cwby333/user-microservice/internal/service/userService/tokens.go:90.2,91.16 2 1
github.com/Cwby333/user-microservice/internal/service/userService/tokens.go:91.16,93.3 1 0
github.com/Cwby333/user-microservice/internal/service/userService/tokens.go:95.2,95.29 1 1
github.com/Cwby333/user-microservice/tests/postgres_tests.go:45.40,55.18 2 0
github.com/Cwby333/user-microservice/tests/postgres_tests.go:55.18,57.17 2 0
github.com/Cwby333/user-microservice/tests/postgres_tests.go:57.17,59.4 1 0
github.com/Cwby333/user-microservice/tests/postgres_tests.go:61.3,62.21 2 0
github.com/Cwby333/user-microservice/tests/postgres_tests.go:65.2,65.33 1 0
github.com/Cwby333/user-microservice/tests/postgres_tests.go:65.33,67.3 1 0
github.com/Cwby333/user-microservice/tests/postgres_tests.go:70.32,73.2 2 0
github.com/Cwby333/user-microservice/tests/postgres_tests.go:75.35,112.31 3 0
github.com/Cwby333/user-microservice/tests/postgres_tests.go:112.31,115.30 2 0
github.com/Cwby333/user-microservice/tests/postgres_tests.go:115.30,117.4 1 0
github.com/Cwby333/user-microservice/tests/postgres_tests.go:117.9,121.4 3 0
github.com/Cwby333/user-microservice/tests/postgres_tests.go:124.2,124.16 1 0
github.com/Cwby333/user-microservice/tests/postgres_tests.go:127.36,157.31 4 0
github.com/Cwby333/user-microservice/tests/postgres_tests.go:157.31,160.30 2 0
github.com/Cwby333/user-microservice/tests/postgres_tests.go:160.30,162.4 1 0
github.com/Cwby333/user-microservice/tests/postgres_tests.go:162.9,166.4 3 0
github.com/Cwby333/user-microservice/tests/postgres_tests.go:169.2,169.16 1 0
github.com/Cwby333/user-microservice/tests/postgres_tests.go:172.42,207.31 5 0
github.com/Cwby333/user-microservice/tests/postgres_tests.go:207.31,210.30 3 0
github.com/Cwby333/user-microservice/tests/postgres_tests.go:210.30,212.4 1 0
github.com/Cwby333/user-microservice/tests/postgres_tests.go:212.9,216.4 3 0
github.com/Cwby333/user-microservice/tests/postgres_tests.go:219.2,219.16 1 0
github.com/Cwby333/user-microservice/tests/postgres_tests.go:222.36,243.34 3 0
github.com/Cwby333/user-microservice/tests/postgres_tests.go:243.34,245.17 2 0
github.com/Cwby333/user-microservice/tests/postgres_tests.go:245.17,247.4 1 0
github.com/Cwby333/user-microservice/tests/postgres_tests.go:250.2,251.16 2 0
github.com/Cwby333/user-microservice/tests/postgres_tests.go:251.16,253.3 1 0
github.com/Cwby333/user-microservice/tests/postgres_tests.go:255.2,255.16 1 0
github.com/Cwby333/user-microservice/tests/postgres_tests.go:258.35,262.16 3 0
github.com/Cwby333/user-microservice/tests/postgres_tests.go:262.16,264.3 1 0
github.com/Cwby333/user-microservice/tests/postgres_tests.go:266.2,266.16 1 0
github.com/Cwby333/user-microservice/tests/postgres_tests.go:269.39,290.34 3 0
github.com/Cwby333/user-microservice/tests/postgres_tests.go:290.34,292.17 2 0
github.com/Cwby333/user-microservice/tests/postgres_tests.go:292.17,294.4 1 0
github.com/Cwby333/user-microservice/tests/postgres_tests.go:297.2,343.31 2 0
github.com/Cwby333/user-microservice/tests/postgres_tests.go:343.31,345.17 2 0
github.com/Cwby333/user-microservice/tests/postgres_tests.go:345.17,347.4 1 0
github.com/Cwby333/user-microservice/tests/postgres_tests.go:349.3,351.59 3 0
github.com/Cwby333/user-microservice/tests/postgres_tests.go:354.2,354.16 1 0
github.com/Cwby333/user-microservice/tests/postgres_tests.go:357.69,371.2 3 0
github.com/Cwby333/user-microservice/tests/postgres_tests.go:373.43,394.31 3 0
github.com/Cwby333/user-microservice/tests/postgres_tests.go:394.31,396.17 2 0
github.com/Cwby333/user-microservice/tests/postgres_tests.go:396.17,398.4 1 0
github.com/Cwby333/user-microservice/tests/postgres_tests.go:401.2,401.16 1 0
github.com/Cwby333/user-microservice/tests/postgres_tests.go:404.34,439.31 2 0
github.com/Cwby333/user-microservice/tests/postgres_tests.go:439.31,447.3 6 0
